0 info it worked if it ends with ok
1 verbose cli [ '/Users/wgs-lap148/.nvm/versions/node/v5.4.1/bin/node',
1 verbose cli   '/Users/wgs-lap148/.nvm/versions/node/v5.4.1/bin/npm',
1 verbose cli   'start' ]
2 info using npm@3.3.12
3 info using node@v5.4.1
4 verbose run-script [ 'prestart', 'start', 'poststart' ]
5 info lifecycle angular-app@1.0.0~prestart: angular-app@1.0.0
6 silly lifecycle angular-app@1.0.0~prestart: no script for prestart, continuing
7 info lifecycle angular-app@1.0.0~start: angular-app@1.0.0
8 verbose lifecycle angular-app@1.0.0~start: unsafe-perm in lifecycle true
9 verbose lifecycle angular-app@1.0.0~start: PATH: /Users/wgs-lap148/.nvm/versions/node/v5.4.1/lib/node_modules/npm/bin/node-gyp-bin:/Users/wgs-lap148/Documents/Gawe/angular_reload/node_modules/.bin:/Users/wgs-lap148/.nvm/versions/node/v5.4.1/bin:/Users/wgs-lap148/.rvm/gems/ruby-2.2.3/bin:/Users/wgs-lap148/.rvm/gems/ruby-2.2.3@global/bin:/Users/wgs-lap148/.rvm/rubies/ruby-2.2.3/bin:/usr/local/mysql/bin:/usr/local/bin:/usr/bin:/bin:/usr/sbin:/sbin:/Users/wgs-lap148/.rvm/bin
10 verbose lifecycle angular-app@1.0.0~start: CWD: /Users/wgs-lap148/Documents/Gawe/angular_reload
11 silly lifecycle angular-app@1.0.0~start: Args: [ '-c', 'node server.js' ]
12 silly lifecycle angular-app@1.0.0~start: Returned: code: 1  signal: null
13 info lifecycle angular-app@1.0.0~start: Failed to exec start script
14 verbose stack Error: angular-app@1.0.0 start: `node server.js`
14 verbose stack Exit status 1
14 verbose stack     at EventEmitter.<anonymous> (/Users/wgs-lap148/.nvm/versions/node/v5.4.1/lib/node_modules/npm/lib/utils/lifecycle.js:232:16)
14 verbose stack     at emitTwo (events.js:87:13)
14 verbose stack     at EventEmitter.emit (events.js:172:7)
14 verbose stack     at ChildProcess.<anonymous> (/Users/wgs-lap148/.nvm/versions/node/v5.4.1/lib/node_modules/npm/lib/utils/spawn.js:24:14)
14 verbose stack     at emitTwo (events.js:87:13)
14 verbose stack     at ChildProcess.emit (events.js:172:7)
14 verbose stack     at maybeClose (internal/child_process.js:821:16)
14 verbose stack     at Process.ChildProcess._handle.onexit (internal/child_process.js:211:5)
15 verbose pkgid angular-app@1.0.0
16 verbose cwd /Users/wgs-lap148/Documents/Gawe/angular_reload
17 error Darwin 14.5.0
18 error argv "/Users/wgs-lap148/.nvm/versions/node/v5.4.1/bin/node" "/Users/wgs-lap148/.nvm/versions/node/v5.4.1/bin/npm" "start"
19 error node v5.4.1
20 error npm  v3.3.12
21 error code ELIFECYCLE
22 error angular-app@1.0.0 start: `node server.js`
22 error Exit status 1
23 error Failed at the angular-app@1.0.0 start script 'node server.js'.
23 error Make sure you have the latest version of node.js and npm installed.
23 error If you do, this is most likely a problem with the angular-app package,
23 error not with npm itself.
23 error Tell the author that this fails on your system:
23 error     node server.js
23 error You can get their info via:
23 error     npm owner ls angular-app
23 error There is likely additional logging output above.
24 verbose exit [ 1, true ]
